# JRE version: Java(TM) SE Runtime Environment (8.0_251-b08) (build 1.8.0_251-b08)
# Java VM: Java HotSpot(TM) 64-Bit Server VM (25.251-b08 mixed mode windows-amd64 compressed oops)
Heap:
 PSYoungGen      total 38400K, used 14553K [0x00000000d5c00000, 0x00000000da700000, 0x0000000100000000)
  eden space 33280K, 29% used [0x00000000d5c00000,0x00000000d65a8270,0x00000000d7c80000)
  from space 5120K, 91% used [0x00000000d8180000,0x00000000d860e300,0x00000000d8680000)
  to   space 5120K, 0% used [0x00000000d7c80000,0x00000000d7c80000,0x00000000d8180000)
 ParOldGen       total 87552K, used 4822K [0x0000000081400000, 0x0000000086980000, 0x00000000d5c00000)
  object space 87552K, 5% used [0x0000000081400000,0x00000000818b59c0,0x0000000086980000)
 Metaspace       used 11154K, capacity 11394K, committed 11648K, reserved 1058816K
  class space    used 1292K, capacity 1388K, committed 1408K, reserved 1048576K
GC Heap History (4 events):
Event: 5.302 GC heap before
{Heap before GC invocations=1 (full 0):
 PSYoungGen      total 38400K, used 31897K [0x00000000d5c00000, 0x00000000d8680000, 0x0000000100000000)
  eden space 33280K, 95% used [0x00000000d5c00000,0x00000000d7b26698,0x00000000d7c80000)
  from space 5120K, 0% used [0x00000000d8180000,0x00000000d8180000,0x00000000d8680000)
  to   space 5120K, 0% used [0x00000000d7c80000,0x00000000d7c80000,0x00000000d8180000)
 ParOldGen       total 87552K, used 0K [0x0000000081400000, 0x0000000086980000, 0x00000000d5c00000)
  object space 87552K, 0% used [0x0000000081400000,0x0000000081400000,0x0000000086980000)
 Metaspace       used 11034K, capacity 11266K, committed 11392K, reserved 1058816K
  class space    used 1291K, capacity 1388K, committed 1408K, reserved 1048576K
Event: 5.307 GC heap after
Heap after GC invocations=1 (full 0):
 PSYoungGen      total 38400K, used 4494K [0x00000000d5c00000, 0x00000000d8680000, 0x0000000100000000)
  eden space 33280K, 0% used [0x00000000d5c00000,0x00000000d5c00000,0x00000000d7c80000)
  from space 5120K, 87% used [0x00000000d7c80000,0x00000000d80e3828,0x00000000d8180000)
  to   space 5120K, 0% used [0x00000000d8180000,0x00000000d8180000,0x00000000d8680000)
 ParOldGen       total 87552K, used 16K [0x0000000081400000, 0x0000000086980000, 0x00000000d5c00000)
  object space 87552K, 0% used [0x0000000081400000,0x0000000081404000,0x0000000086980000)
 Metaspace       used 11034K, capacity 11266K, committed 11392K, reserved 1058816K
  class space    used 1291K, capacity 1388K, committed 1408K, reserved 1048576K
}
Event: 5.421 GC heap before
{Heap before GC invocations=2 (full 0):
 PSYoungGen      total 38400K, used 36915K [0x00000000d5c00000, 0x00000000d8680000, 0x0000000100000000)
  eden space 33280K, 97% used [0x00000000d5c00000,0x00000000d7ba9578,0x00000000d7c80000)
  from space 5120K, 87% used [0x00000000d7c80000,0x00000000d80e3828,0x00000000d8180000)
  to   space 5120K, 0% used [0x00000000d8180000,0x00000000d8180000,0x00000000d8680000)
 ParOldGen       total 87552K, used 16K [0x0000000081400000, 0x0000000086980000, 0x00000000d5c00000)
  object space 87552K, 0% used [0x0000000081400000,0x0000000081404000,0x0000000086980000)
 Metaspace       used 11068K, capacity 11330K, committed 11648K, reserved 1058816K
  class space    used 1291K, capacity 1388K, committed 1408K, reserved 1048576K
Event: 5.435 GC heap after
Heap after GC invocations=2 (full 0):
 PSYoungGen      total 38400K, used 4664K [0x00000000d5c00000, 0x00000000da700000, 0x0000000100000000)
  eden space 33280K, 0% used [0x00000000d5c00000,0x00000000d5c00000,0x00000000d7c80000)
  from space 5120K, 91% used [0x00000000d8180000,0x00000000d860e300,0x00000000d8680000)
  to   space 5120K, 0% used [0x00000000d7c80000,0x00000000d7c80000,0x00000000d8180000)
 ParOldGen       total 87552K, used 4822K [0x0000000081400000, 0x0000000086980000, 0x00000000d5c00000)
  object space 87552K, 5% used [0x0000000081400000,0x00000000818b59c0,0x0000000086980000)
 Metaspace       used 11068K, capacity 11330K, committed 11648K, reserved 1058816K
  class space    used 1291K, capacity 1388K, committed 1408K, reserved 1048576K
}

